# JRE version: Java(TM) SE Runtime Environment (21.0.6+8) (build 21.0.6+8-LTS-188)
# Java VM: Java HotSpot(TM) 64-Bit Server VM (21.0.6+8-LTS-188, mixed mode, sharing, tiered, compressed oops, compressed class ptrs, g1 gc, windows-amd64)
GC Precious Log:
 CardTable entry size: 512
 Card Set container configuration: InlinePtr #cards 5 size 8 Array Of Cards #cards 12 size 40 Howl #buckets 4 coarsen threshold 1843 Howl Bitmap #cards 512 size 80 coarsen threshold 460 Card regions per heap region 1 cards per card region 2048
 CPUs: 12 total, 12 available
 Memory: 7381M
 Large Page Support: Disabled
 NUMA Support: Disabled
 Compressed Oops: Enabled (32-bit)
 Heap Region Size: 1M
 Heap Min Capacity: 8M
 Heap Initial Capacity: 116M
 Heap Max Capacity: 2G
 Pre-touch: Disabled
 Parallel Workers: 10
 Concurrent Workers: 3
 Concurrent Refinement Workers: 10
 Periodic GC: Disabled
Heap:
 garbage-first heap   total 224256K, used 155022K [0x0000000080000000, 0x0000000100000000)
  region size 1024K, 19 young (19456K), 4 survivors (4096K)
 Metaspace       used 107324K, committed 109888K, reserved 557056K
  class space    used 14946K, committed 16192K, reserved 425984K
GC Heap History (20 events):
Event: 22.010 GC heap before
{Heap before GC invocations=38 (full 0):
 garbage-first heap   total 194560K, used 167461K [0x0000000080000000, 0x0000000100000000)
  region size 1024K, 61 young (62464K), 3 survivors (3072K)
 Metaspace       used 93728K, committed 96128K, reserved 557056K
  class space    used 12937K, committed 14144K, reserved 425984K
}
Event: 22.015 GC heap after
{Heap after GC invocations=39 (full 0):
 garbage-first heap   total 194560K, used 111215K [0x0000000080000000, 0x0000000100000000)
  region size 1024K, 6 young (6144K), 6 survivors (6144K)
 Metaspace       used 93728K, committed 96128K, reserved 557056K
  class space    used 12937K, committed 14144K, reserved 425984K
}
Event: 22.640 GC heap before
{Heap before GC invocations=40 (full 0):
 garbage-first heap   total 194560K, used 170607K [0x0000000080000000, 0x0000000100000000)
  region size 1024K, 64 young (65536K), 6 survivors (6144K)
 Metaspace       used 96840K, committed 99264K, reserved 557056K
  class space    used 13363K, committed 14592K, reserved 425984K
}
Event: 22.644 GC heap after
{Heap after GC invocations=41 (full 0):
 garbage-first heap   total 194560K, used 114112K [0x0000000080000000, 0x0000000100000000)
  region size 1024K, 7 young (7168K), 7 survivors (7168K)
 Metaspace       used 96840K, committed 99264K, reserved 557056K
  class space    used 13363K, committed 14592K, reserved 425984K
}
Event: 23.338 GC heap before
{Heap before GC invocations=41 (full 0):
 garbage-first heap   total 194560K, used 174528K [0x0000000080000000, 0x0000000100000000)
  region size 1024K, 65 young (66560K), 7 survivors (7168K)
 Metaspace       used 100915K, committed 103360K, reserved 557056K
  class space    used 14060K, committed 15296K, reserved 425984K
}
Event: 23.344 GC heap after
{Heap after GC invocations=42 (full 0):
 garbage-first heap   total 194560K, used 115301K [0x0000000080000000, 0x0000000100000000)
  region size 1024K, 5 young (5120K), 5 survivors (5120K)
 Metaspace       used 100915K, committed 103360K, reserved 557056K
  class space    used 14060K, committed 15296K, reserved 425984K
}
Event: 24.262 GC heap before
{Heap before GC invocations=42 (full 0):
 garbage-first heap   total 194560K, used 176741K [0x0000000080000000, 0x0000000100000000)
  region size 1024K, 65 young (66560K), 5 survivors (5120K)
 Metaspace       used 104677K, committed 107136K, reserved 557056K
  class space    used 14536K, committed 15808K, reserved 425984K
}
Event: 24.269 GC heap after
{Heap after GC invocations=43 (full 0):
 garbage-first heap   total 194560K, used 117566K [0x0000000080000000, 0x0000000100000000)
  region size 1024K, 7 young (7168K), 7 survivors (7168K)
 Metaspace       used 104677K, committed 107136K, reserved 557056K
  class space    used 14536K, committed 15808K, reserved 425984K
}
Event: 24.964 GC heap before
{Heap before GC invocations=44 (full 0):
 garbage-first heap   total 201728K, used 175934K [0x0000000080000000, 0x0000000100000000)
  region size 1024K, 64 young (65536K), 7 survivors (7168K)
 Metaspace       used 105311K, committed 107840K, reserved 557056K
  class space    used 14622K, committed 15872K, reserved 425984K
}
Event: 24.970 GC heap after
{Heap after GC invocations=45 (full 0):
 garbage-first heap   total 201728K, used 121968K [0x0000000080000000, 0x0000000100000000)
  region size 1024K, 8 young (8192K), 8 survivors (8192K)
 Metaspace       used 105311K, committed 107840K, reserved 557056K
  class space    used 14622K, committed 15872K, reserved 425984K
}
Event: 25.310 GC heap before
{Heap before GC invocations=45 (full 0):
 garbage-first heap   total 201728K, used 180336K [0x0000000080000000, 0x0000000100000000)
  region size 1024K, 66 young (67584K), 8 survivors (8192K)
 Metaspace       used 105703K, committed 108224K, reserved 557056K
  class space    used 14686K, committed 15936K, reserved 425984K
}
Event: 25.316 GC heap after
{Heap after GC invocations=46 (full 0):
 garbage-first heap   total 201728K, used 124663K [0x0000000080000000, 0x0000000100000000)
  region size 1024K, 8 young (8192K), 8 survivors (8192K)
 Metaspace       used 105703K, committed 108224K, reserved 557056K
  class space    used 14686K, committed 15936K, reserved 425984K
}
Event: 25.374 GC heap before
{Heap before GC invocations=46 (full 0):
 garbage-first heap   total 201728K, used 127735K [0x0000000080000000, 0x0000000100000000)
  region size 1024K, 12 young (12288K), 8 survivors (8192K)
 Metaspace       used 105703K, committed 108224K, reserved 557056K
  class space    used 14686K, committed 15936K, reserved 425984K
}
Event: 25.378 GC heap after
{Heap after GC invocations=47 (full 0):
 garbage-first heap   total 201728K, used 127575K [0x0000000080000000, 0x0000000100000000)
  region size 1024K, 4 young (4096K), 4 survivors (4096K)
 Metaspace       used 105703K, committed 108224K, reserved 557056K
  class space    used 14686K, committed 15936K, reserved 425984K
}
Event: 25.855 GC heap before
{Heap before GC invocations=48 (full 0):
 garbage-first heap   total 224256K, used 162391K [0x0000000080000000, 0x0000000100000000)
  region size 1024K, 36 young (36864K), 4 survivors (4096K)
 Metaspace       used 107030K, committed 109632K, reserved 557056K
  class space    used 14929K, committed 16192K, reserved 425984K
}
Event: 25.859 GC heap after
{Heap after GC invocations=49 (full 0):
 garbage-first heap   total 224256K, used 135421K [0x0000000080000000, 0x0000000100000000)
  region size 1024K, 5 young (5120K), 5 survivors (5120K)
 Metaspace       used 107030K, committed 109632K, reserved 557056K
  class space    used 14929K, committed 16192K, reserved 425984K
}
Event: 26.359 GC heap before
{Heap before GC invocations=49 (full 0):
 garbage-first heap   total 224256K, used 176381K [0x0000000080000000, 0x0000000100000000)
  region size 1024K, 46 young (47104K), 5 survivors (5120K)
 Metaspace       used 107318K, committed 109824K, reserved 557056K
  class space    used 14946K, committed 16192K, reserved 425984K
}
Event: 26.365 GC heap after
{Heap after GC invocations=50 (full 0):
 garbage-first heap   total 224256K, used 139187K [0x0000000080000000, 0x0000000100000000)
  region size 1024K, 6 young (6144K), 6 survivors (6144K)
 Metaspace       used 107318K, committed 109824K, reserved 557056K
  class space    used 14946K, committed 16192K, reserved 425984K
}
Event: 26.493 GC heap before
{Heap before GC invocations=50 (full 0):
 garbage-first heap   total 224256K, used 181171K [0x0000000080000000, 0x0000000100000000)
  region size 1024K, 48 young (49152K), 6 survivors (6144K)
 Metaspace       used 107324K, committed 109888K, reserved 557056K
  class space    used 14946K, committed 16192K, reserved 425984K
}
Event: 26.497 GC heap after
{Heap after GC invocations=51 (full 0):
 garbage-first heap   total 224256K, used 140686K [0x0000000080000000, 0x0000000100000000)
  region size 1024K, 4 young (4096K), 4 survivors (4096K)
 Metaspace       used 107324K, committed 109888K, reserved 557056K
  class space    used 14946K, committed 16192K, reserved 425984K
}

