# JRE version: Java(TM) SE Runtime Environment (21.0.6+8) (build 21.0.6+8-LTS-188)
# Java VM: Java HotSpot(TM) 64-Bit Server VM (21.0.6+8-LTS-188, mixed mode, sharing, tiered, compressed oops, compressed class ptrs, g1 gc, windows-amd64)
GC Precious Log:
 CardTable entry size: 512
 Card Set container configuration: InlinePtr #cards 5 size 8 Array Of Cards #cards 12 size 40 Howl #buckets 4 coarsen threshold 1843 Howl Bitmap #cards 512 size 80 coarsen threshold 460 Card regions per heap region 1 cards per card region 2048
 CPUs: 12 total, 12 available
 Memory: 7381M
 Large Page Support: Disabled
 NUMA Support: Disabled
 Compressed Oops: Enabled (32-bit)
 Heap Region Size: 1M
 Heap Min Capacity: 8M
 Heap Initial Capacity: 116M
 Heap Max Capacity: 2G
 Pre-touch: Disabled
 Parallel Workers: 10
 Concurrent Workers: 3
 Concurrent Refinement Workers: 10
 Periodic GC: Disabled
Heap:
 garbage-first heap   total 119808K, used 99564K [0x0000000080000000, 0x0000000100000000)
  region size 1024K, 35 young (35840K), 5 survivors (5120K)
 Metaspace       used 72651K, committed 74752K, reserved 491520K
  class space    used 10293K, committed 11328K, reserved 425984K
GC Heap History (20 events):
Event: 6.839 GC heap before
{Heap before GC invocations=8 (full 0):
 garbage-first heap   total 95232K, used 33148K [0x0000000080000000, 0x0000000100000000)
  region size 1024K, 9 young (9216K), 7 survivors (7168K)
 Metaspace       used 35142K, committed 36416K, reserved 491520K
  class space    used 4954K, committed 5632K, reserved 425984K
}
Event: 6.843 GC heap after
{Heap after GC invocations=9 (full 0):
 garbage-first heap   total 114688K, used 33134K [0x0000000080000000, 0x0000000100000000)
  region size 1024K, 1 young (1024K), 1 survivors (1024K)
 Metaspace       used 35142K, committed 36416K, reserved 491520K
  class space    used 4954K, committed 5632K, reserved 425984K
}
Event: 7.631 GC heap before
{Heap before GC invocations=10 (full 0):
 garbage-first heap   total 114688K, used 101742K [0x0000000080000000, 0x0000000100000000)
  region size 1024K, 64 young (65536K), 1 survivors (1024K)
 Metaspace       used 40351K, committed 41792K, reserved 491520K
  class space    used 5672K, committed 6400K, reserved 425984K
}
Event: 7.636 GC heap after
{Heap after GC invocations=11 (full 0):
 garbage-first heap   total 114688K, used 36834K [0x0000000080000000, 0x0000000100000000)
  region size 1024K, 5 young (5120K), 5 survivors (5120K)
 Metaspace       used 40351K, committed 41792K, reserved 491520K
  class space    used 5672K, committed 6400K, reserved 425984K
}
Event: 8.689 GC heap before
{Heap before GC invocations=11 (full 0):
 garbage-first heap   total 114688K, used 99298K [0x0000000080000000, 0x0000000100000000)
  region size 1024K, 65 young (66560K), 5 survivors (5120K)
 Metaspace       used 47475K, committed 49088K, reserved 491520K
  class space    used 6682K, committed 7488K, reserved 425984K
}
Event: 8.693 GC heap after
{Heap after GC invocations=12 (full 0):
 garbage-first heap   total 114688K, used 40404K [0x0000000080000000, 0x0000000100000000)
  region size 1024K, 9 young (9216K), 9 survivors (9216K)
 Metaspace       used 47475K, committed 49088K, reserved 491520K
  class space    used 6682K, committed 7488K, reserved 425984K
}
Event: 9.530 GC heap before
{Heap before GC invocations=12 (full 0):
 garbage-first heap   total 114688K, used 96724K [0x0000000080000000, 0x0000000100000000)
  region size 1024K, 64 young (65536K), 9 survivors (9216K)
 Metaspace       used 54289K, committed 55936K, reserved 491520K
  class space    used 7706K, committed 8512K, reserved 425984K
}
Event: 9.535 GC heap after
{Heap after GC invocations=13 (full 0):
 garbage-first heap   total 114688K, used 43170K [0x0000000080000000, 0x0000000100000000)
  region size 1024K, 7 young (7168K), 7 survivors (7168K)
 Metaspace       used 54289K, committed 55936K, reserved 491520K
  class space    used 7706K, committed 8512K, reserved 425984K
}
Event: 10.325 GC heap before
{Heap before GC invocations=13 (full 0):
 garbage-first heap   total 114688K, used 105634K [0x0000000080000000, 0x0000000100000000)
  region size 1024K, 62 young (63488K), 7 survivors (7168K)
 Metaspace       used 57059K, committed 58880K, reserved 491520K
  class space    used 8041K, committed 8960K, reserved 425984K
}
Event: 10.331 GC heap after
{Heap after GC invocations=14 (full 0):
 garbage-first heap   total 119808K, used 55964K [0x0000000080000000, 0x0000000100000000)
  region size 1024K, 8 young (8192K), 8 survivors (8192K)
 Metaspace       used 57059K, committed 58880K, reserved 491520K
  class space    used 8041K, committed 8960K, reserved 425984K
}
Event: 10.561 GC heap before
{Heap before GC invocations=14 (full 0):
 garbage-first heap   total 119808K, used 71324K [0x0000000080000000, 0x0000000100000000)
  region size 1024K, 24 young (24576K), 8 survivors (8192K)
 Metaspace       used 59075K, committed 60928K, reserved 491520K
  class space    used 8285K, committed 9216K, reserved 425984K
}
Event: 10.565 GC heap after
{Heap after GC invocations=15 (full 0):
 garbage-first heap   total 119808K, used 57891K [0x0000000080000000, 0x0000000100000000)
  region size 1024K, 2 young (2048K), 2 survivors (2048K)
 Metaspace       used 59075K, committed 60928K, reserved 491520K
  class space    used 8285K, committed 9216K, reserved 425984K
}
Event: 11.106 GC heap before
{Heap before GC invocations=16 (full 0):
 garbage-first heap   total 119808K, used 107043K [0x0000000080000000, 0x0000000100000000)
  region size 1024K, 50 young (51200K), 2 survivors (2048K)
 Metaspace       used 62620K, committed 64448K, reserved 491520K
  class space    used 8789K, committed 9664K, reserved 425984K
}
Event: 11.108 GC heap after
{Heap after GC invocations=17 (full 0):
 garbage-first heap   total 119808K, used 58983K [0x0000000080000000, 0x0000000100000000)
  region size 1024K, 3 young (3072K), 3 survivors (3072K)
 Metaspace       used 62620K, committed 64448K, reserved 491520K
  class space    used 8789K, committed 9664K, reserved 425984K
}
Event: 11.733 GC heap before
{Heap before GC invocations=17 (full 0):
 garbage-first heap   total 119808K, used 112231K [0x0000000080000000, 0x0000000100000000)
  region size 1024K, 52 young (53248K), 3 survivors (3072K)
 Metaspace       used 66603K, committed 68608K, reserved 491520K
  class space    used 9445K, committed 10432K, reserved 425984K
}
Event: 11.737 GC heap after
{Heap after GC invocations=18 (full 0):
 garbage-first heap   total 119808K, used 63288K [0x0000000080000000, 0x0000000100000000)
  region size 1024K, 5 young (5120K), 5 survivors (5120K)
 Metaspace       used 66603K, committed 68608K, reserved 491520K
  class space    used 9445K, committed 10432K, reserved 425984K
}
Event: 12.448 GC heap before
{Heap before GC invocations=18 (full 0):
 garbage-first heap   total 119808K, used 106296K [0x0000000080000000, 0x0000000100000000)
  region size 1024K, 47 young (48128K), 5 survivors (5120K)
 Metaspace       used 68457K, committed 70464K, reserved 491520K
  class space    used 9718K, committed 10752K, reserved 425984K
}
Event: 12.454 GC heap after
{Heap after GC invocations=19 (full 0):
 garbage-first heap   total 119808K, used 67133K [0x0000000080000000, 0x0000000100000000)
  region size 1024K, 6 young (6144K), 6 survivors (6144K)
 Metaspace       used 68457K, committed 70464K, reserved 491520K
  class space    used 9718K, committed 10752K, reserved 425984K
}
Event: 13.285 GC heap before
{Heap before GC invocations=20 (full 0):
 garbage-first heap   total 119808K, used 106045K [0x0000000080000000, 0x0000000100000000)
  region size 1024K, 44 young (45056K), 6 survivors (6144K)
 Metaspace       used 70163K, committed 72256K, reserved 491520K
  class space    used 9955K, committed 11008K, reserved 425984K
}
Event: 13.290 GC heap after
{Heap after GC invocations=21 (full 0):
 garbage-first heap   total 119808K, used 69868K [0x0000000080000000, 0x0000000100000000)
  region size 1024K, 5 young (5120K), 5 survivors (5120K)
 Metaspace       used 70163K, committed 72256K, reserved 491520K
  class space    used 9955K, committed 11008K, reserved 425984K
}

