# JRE version: Java(TM) SE Runtime Environment (21.0.6+8) (build 21.0.6+8-LTS-188)
# Java VM: Java HotSpot(TM) 64-Bit Server VM (21.0.6+8-LTS-188, mixed mode, sharing, tiered, compressed oops, compressed class ptrs, g1 gc, windows-amd64)
GC Precious Log:
 CardTable entry size: 512
 Card Set container configuration: InlinePtr #cards 5 size 8 Array Of Cards #cards 12 size 40 Howl #buckets 4 coarsen threshold 1843 Howl Bitmap #cards 512 size 80 coarsen threshold 460 Card regions per heap region 1 cards per card region 2048
 CPUs: 12 total, 12 available
 Memory: 7381M
 Large Page Support: Disabled
 NUMA Support: Disabled
 Compressed Oops: Enabled (32-bit)
 Heap Region Size: 1M
 Heap Min Capacity: 8M
 Heap Initial Capacity: 116M
 Heap Max Capacity: 2G
 Pre-touch: Disabled
 Parallel Workers: 10
 Concurrent Workers: 3
 Concurrent Refinement Workers: 10
 Periodic GC: Disabled
Heap:
 garbage-first heap   total 193536K, used 115259K [0x0000000080000000, 0x0000000100000000)
  region size 1024K, 3 young (3072K), 1 survivors (1024K)
 Metaspace       used 94960K, committed 97344K, reserved 557056K
  class space    used 13072K, committed 14272K, reserved 425984K
GC Heap History (20 events):
Event: 11.107 GC heap after
{Heap after GC invocations=22 (full 0):
 garbage-first heap   total 150528K, used 74906K [0x0000000080000000, 0x0000000100000000)
  region size 1024K, 5 young (5120K), 5 survivors (5120K)
 Metaspace       used 74493K, committed 76608K, reserved 557056K
  class space    used 10602K, committed 11648K, reserved 425984K
}
Event: 12.258 GC heap before
{Heap before GC invocations=22 (full 0):
 garbage-first heap   total 150528K, used 133274K [0x0000000080000000, 0x0000000100000000)
  region size 1024K, 63 young (64512K), 5 survivors (5120K)
 Metaspace       used 76648K, committed 78912K, reserved 557056K
  class space    used 10896K, committed 12032K, reserved 425984K
}
Event: 12.265 GC heap after
{Heap after GC invocations=23 (full 0):
 garbage-first heap   total 150528K, used 83392K [0x0000000080000000, 0x0000000100000000)
  region size 1024K, 8 young (8192K), 8 survivors (8192K)
 Metaspace       used 76648K, committed 78912K, reserved 557056K
  class space    used 10896K, committed 12032K, reserved 425984K
}
Event: 13.039 GC heap before
{Heap before GC invocations=24 (full 0):
 garbage-first heap   total 150528K, used 132544K [0x0000000080000000, 0x0000000100000000)
  region size 1024K, 57 young (58368K), 8 survivors (8192K)
 Metaspace       used 77171K, committed 79424K, reserved 557056K
  class space    used 10901K, committed 12032K, reserved 425984K
}
Event: 13.045 GC heap after
{Heap after GC invocations=25 (full 0):
 garbage-first heap   total 150528K, used 86266K [0x0000000080000000, 0x0000000100000000)
  region size 1024K, 6 young (6144K), 6 survivors (6144K)
 Metaspace       used 77171K, committed 79424K, reserved 557056K
  class space    used 10901K, committed 12032K, reserved 425984K
}
Event: 13.187 GC heap before
{Heap before GC invocations=25 (full 0):
 garbage-first heap   total 150528K, used 133370K [0x0000000080000000, 0x0000000100000000)
  region size 1024K, 53 young (54272K), 6 survivors (6144K)
 Metaspace       used 77242K, committed 79488K, reserved 557056K
  class space    used 10903K, committed 12032K, reserved 425984K
}
Event: 13.192 GC heap after
{Heap after GC invocations=26 (full 0):
 garbage-first heap   total 150528K, used 85416K [0x0000000080000000, 0x0000000100000000)
  region size 1024K, 4 young (4096K), 4 survivors (4096K)
 Metaspace       used 77242K, committed 79488K, reserved 557056K
  class space    used 10903K, committed 12032K, reserved 425984K
}
Event: 13.318 GC heap before
{Heap before GC invocations=26 (full 0):
 garbage-first heap   total 150528K, used 134568K [0x0000000080000000, 0x0000000100000000)
  region size 1024K, 53 young (54272K), 4 survivors (4096K)
 Metaspace       used 77247K, committed 79488K, reserved 557056K
  class space    used 10903K, committed 12032K, reserved 425984K
}
Event: 13.321 GC heap after
{Heap after GC invocations=27 (full 0):
 garbage-first heap   total 150528K, used 86253K [0x0000000080000000, 0x0000000100000000)
  region size 1024K, 5 young (5120K), 5 survivors (5120K)
 Metaspace       used 77247K, committed 79488K, reserved 557056K
  class space    used 10903K, committed 12032K, reserved 425984K
}
Event: 13.914 GC heap before
{Heap before GC invocations=28 (full 0):
 garbage-first heap   total 174080K, used 141549K [0x0000000080000000, 0x0000000100000000)
  region size 1024K, 53 young (54272K), 5 survivors (5120K)
 Metaspace       used 78339K, committed 80640K, reserved 557056K
  class space    used 11041K, committed 12160K, reserved 425984K
}
Event: 13.918 GC heap after
{Heap after GC invocations=29 (full 0):
 garbage-first heap   total 174080K, used 98931K [0x0000000080000000, 0x0000000100000000)
  region size 1024K, 7 young (7168K), 7 survivors (7168K)
 Metaspace       used 78339K, committed 80640K, reserved 557056K
  class space    used 11041K, committed 12160K, reserved 425984K
}
Event: 14.680 GC heap before
{Heap before GC invocations=29 (full 0):
 garbage-first heap   total 174080K, used 153203K [0x0000000080000000, 0x0000000100000000)
  region size 1024K, 61 young (62464K), 7 survivors (7168K)
 Metaspace       used 83193K, committed 85504K, reserved 557056K
  class space    used 11519K, committed 12672K, reserved 425984K
}
Event: 14.685 GC heap after
{Heap after GC invocations=30 (full 0):
 garbage-first heap   total 174080K, used 98846K [0x0000000080000000, 0x0000000100000000)
  region size 1024K, 2 young (2048K), 2 survivors (2048K)
 Metaspace       used 83193K, committed 85504K, reserved 557056K
  class space    used 11519K, committed 12672K, reserved 425984K
}
Event: 14.972 GC heap before
{Heap before GC invocations=30 (full 0):
 garbage-first heap   total 174080K, used 112158K [0x0000000080000000, 0x0000000100000000)
  region size 1024K, 16 young (16384K), 2 survivors (2048K)
 Metaspace       used 85040K, committed 87296K, reserved 557056K
  class space    used 11724K, committed 12864K, reserved 425984K
}
Event: 14.975 GC heap after
{Heap after GC invocations=31 (full 0):
 garbage-first heap   total 174080K, used 100503K [0x0000000080000000, 0x0000000100000000)
  region size 1024K, 4 young (4096K), 4 survivors (4096K)
 Metaspace       used 85040K, committed 87296K, reserved 557056K
  class space    used 11724K, committed 12864K, reserved 425984K
}
Event: 15.746 GC heap before
{Heap before GC invocations=32 (full 0):
 garbage-first heap   total 193536K, used 163991K [0x0000000080000000, 0x0000000100000000)
  region size 1024K, 61 young (62464K), 4 survivors (4096K)
 Metaspace       used 88081K, committed 90368K, reserved 557056K
  class space    used 12141K, committed 13248K, reserved 425984K
}
Event: 15.751 GC heap after
{Heap after GC invocations=33 (full 0):
 garbage-first heap   total 193536K, used 106143K [0x0000000080000000, 0x0000000100000000)
  region size 1024K, 8 young (8192K), 8 survivors (8192K)
 Metaspace       used 88081K, committed 90368K, reserved 557056K
  class space    used 12141K, committed 13248K, reserved 425984K
}
Event: 16.652 GC heap before
{Heap before GC invocations=33 (full 0):
 garbage-first heap   total 193536K, used 173727K [0x0000000080000000, 0x0000000100000000)
  region size 1024K, 72 young (73728K), 8 survivors (8192K)
 Metaspace       used 92662K, committed 94976K, reserved 557056K
  class space    used 12767K, committed 13952K, reserved 425984K
}
Event: 16.659 GC heap after
{Heap after GC invocations=34 (full 0):
 garbage-first heap   total 193536K, used 109459K [0x0000000080000000, 0x0000000100000000)
  region size 1024K, 3 young (3072K), 3 survivors (3072K)
 Metaspace       used 92662K, committed 94976K, reserved 557056K
  class space    used 12767K, committed 13952K, reserved 425984K
}
Event: 17.381 GC heap before
{Heap before GC invocations=34 (full 0):
 garbage-first heap   total 193536K, used 173971K [0x0000000080000000, 0x0000000100000000)
  region size 1024K, 66 young (67584K), 3 survivors (3072K)
 Metaspace       used 94677K, committed 97024K, reserved 557056K
  class space    used 13042K, committed 14208K, reserved 425984K
}

